[1228/035519.192:ERROR:process_reader_win.cc(123)] NtOpenThread: {Отказано в доступе} Процесс запросил доступ к объекту, но права на доступ не предоставлены. (0xc0000022)
[1228/035519.285:ERROR:exception_snapshot_win.cc(98)] thread ID 4304 not found in process
[1228/035850.359:ERROR:process_reader_win.cc(151)] SuspendThread: Отказано в доступе. (0x5)
[1228/035850.361:ERROR:process_reader_win.cc(151)] SuspendThread: Отказано в доступе. (0x5)
[1228/035850.361:ERROR:process_reader_win.cc(123)] NtOpenThread: {Отказано в доступе} Процесс запросил доступ к объекту, но права на доступ не предоставлены. (0xc0000022)
[1228/035850.361:ERROR:exception_snapshot_win.cc(98)] thread ID 4004 not found in process
[1228/035855.364:ERROR:process_reader_win.cc(151)] SuspendThread: Отказано в доступе. (0x5)
[1228/035855.369:ERROR:process_reader_win.cc(151)] SuspendThread: Отказано в доступе. (0x5)
[1228/035855.369:ERROR:process_reader_win.cc(151)] SuspendThread: Отказано в доступе. (0x5)
[1228/035855.369:ERROR:process_reader_win.cc(123)] NtOpenThread: {Отказано в доступе} Процесс запросил доступ к объекту, но права на доступ не предоставлены. (0xc0000022)
[1228/035855.369:ERROR:exception_snapshot_win.cc(98)] thread ID 3928 not found in process
[1228/040238.768:ERROR:process_reader_win.cc(123)] NtOpenThread: {Отказано в доступе} Процесс запросил доступ к объекту, но права на доступ не предоставлены. (0xc0000022)
[1228/040238.774:ERROR:exception_snapshot_win.cc(98)] thread ID 5240 not found in process
[1228/041122.897:ERROR:process_reader_win.cc(123)] NtOpenThread: {Отказано в доступе} Процесс запросил доступ к объекту, но права на доступ не предоставлены. (0xc0000022)
[1228/041122.899:ERROR:exception_snapshot_win.cc(98)] thread ID 7256 not found in process
[1228/041708.995:ERROR:process_reader_win.cc(151)] SuspendThread: Отказано в доступе. (0x5)
[1228/041709.002:ERROR:process_reader_win.cc(123)] NtOpenThread: {Отказано в доступе} Процесс запросил доступ к объекту, но права на доступ не предоставлены. (0xc0000022)
[1228/041709.002:ERROR:exception_snapshot_win.cc(98)] thread ID 2336 not found in process
[1228/041729.608:ERROR:process_reader_win.cc(123)] NtOpenThread: {Отказано в доступе} Процесс запросил доступ к объекту, но права на доступ не предоставлены. (0xc0000022)
[1228/041729.609:ERROR:exception_snapshot_win.cc(98)] thread ID 4384 not found in process
[1228/041844.497:ERROR:process_reader_win.cc(151)] SuspendThread: Отказано в доступе. (0x5)
[1228/041844.499:ERROR:process_reader_win.cc(123)] NtOpenThread: {Отказано в доступе} Процесс запросил доступ к объекту, но права на доступ не предоставлены. (0xc0000022)
[1228/041844.499:ERROR:exception_snapshot_win.cc(98)] thread ID 2896 not found in process
[1228/042119.575:ERROR:process_reader_win.cc(151)] SuspendThread: Отказано в доступе. (0x5)
[1228/042119.576:ERROR:process_reader_win.cc(151)] SuspendThread: Отказано в доступе. (0x5)
[1228/042119.577:ERROR:process_reader_win.cc(151)] SuspendThread: Отказано в доступе. (0x5)
[1228/042119.577:ERROR:process_reader_win.cc(123)] NtOpenThread: {Отказано в доступе} Процесс запросил доступ к объекту, но права на доступ не предоставлены. (0xc0000022)
[1228/042119.577:ERROR:exception_snapshot_win.cc(98)] thread ID 2632 not found in process
[1228/042136.095:ERROR:process_reader_win.cc(151)] SuspendThread: Отказано в доступе. (0x5)
[1228/042136.096:ERROR:process_reader_win.cc(151)] SuspendThread: Отказано в доступе. (0x5)
[1228/042136.096:ERROR:process_reader_win.cc(151)] SuspendThread: Отказано в доступе. (0x5)
[1228/042136.096:ERROR:process_reader_win.cc(123)] NtOpenThread: {Отказано в доступе} Процесс запросил доступ к объекту, но права на доступ не предоставлены. (0xc0000022)
[1228/042136.096:ERROR:exception_snapshot_win.cc(98)] thread ID 4676 not found in process
[1228/042206.034:ERROR:process_reader_win.cc(151)] SuspendThread: Отказано в доступе. (0x5)
[1228/042206.035:ERROR:process_reader_win.cc(123)] NtOpenThread: {Отказано в доступе} Процесс запросил доступ к объекту, но права на доступ не предоставлены. (0xc0000022)
[1228/042206.036:ERROR:exception_snapshot_win.cc(98)] thread ID 5312 not found in process
[1228/042219.427:ERROR:process_reader_win.cc(151)] SuspendThread: Отказано в доступе. (0x5)
[1228/042219.428:ERROR:process_reader_win.cc(151)] SuspendThread: Отказано в доступе. (0x5)
[1228/042219.428:ERROR:process_reader_win.cc(151)] SuspendThread: Отказано в доступе. (0x5)
[1228/042219.428:ERROR:process_reader_win.cc(123)] NtOpenThread: {Отказано в доступе} Процесс запросил доступ к объекту, но права на доступ не предоставлены. (0xc0000022)
[1228/042219.429:ERROR:exception_snapshot_win.cc(98)] thread ID 652 not found in process
[1228/042433.352:ERROR:process_reader_win.cc(123)] NtOpenThread: {Отказано в доступе} Процесс запросил доступ к объекту, но права на доступ не предоставлены. (0xc0000022)
[1228/042433.354:ERROR:exception_snapshot_win.cc(98)] thread ID 4048 not found in process
[1228/042524.859:ERROR:process_reader_win.cc(151)] SuspendThread: Отказано в доступе. (0x5)
[1228/042524.861:ERROR:process_reader_win.cc(123)] NtOpenThread: {Отказано в доступе} Процесс запросил доступ к объекту, но права на доступ не предоставлены. (0xc0000022)
[1228/042524.861:ERROR:exception_snapshot_win.cc(98)] thread ID 6660 not found in process
[1228/042542.274:ERROR:process_reader_win.cc(123)] NtOpenThread: {Отказано в доступе} Процесс запросил доступ к объекту, но права на доступ не предоставлены. (0xc0000022)
[1228/042542.276:ERROR:exception_snapshot_win.cc(98)] thread ID 6544 not found in process
[1228/042805.304:ERROR:process_reader_win.cc(151)] SuspendThread: Отказано в доступе. (0x5)
[1228/042805.305:ERROR:process_reader_win.cc(151)] SuspendThread: Отказано в доступе. (0x5)
[1228/042805.305:ERROR:process_reader_win.cc(151)] SuspendThread: Отказано в доступе. (0x5)
[1228/042805.305:ERROR:process_reader_win.cc(123)] NtOpenThread: {Отказано в доступе} Процесс запросил доступ к объекту, но права на доступ не предоставлены. (0xc0000022)
[1228/042805.305:ERROR:exception_snapshot_win.cc(98)] thread ID 5132 not found in process
[1228/042911.716:ERROR:process_reader_win.cc(123)] NtOpenThread: {Отказано в доступе} Процесс запросил доступ к объекту, но права на доступ не предоставлены. (0xc0000022)
[1228/042911.718:ERROR:exception_snapshot_win.cc(98)] thread ID 7904 not found in process
[1228/043131.205:ERROR:process_reader_win.cc(151)] SuspendThread: Отказано в доступе. (0x5)
[1228/043131.279:ERROR:process_reader_win.cc(151)] SuspendThread: Отказано в доступе. (0x5)
[1228/043131.279:ERROR:process_reader_win.cc(151)] SuspendThread: Отказано в доступе. (0x5)
[1228/043131.279:ERROR:process_reader_win.cc(151)] SuspendThread: Отказано в доступе. (0x5)
[1228/043131.280:ERROR:process_reader_win.cc(123)] NtOpenThread: {Отказано в доступе} Процесс запросил доступ к объекту, но права на доступ не предоставлены. (0xc0000022)
[1228/043131.280:ERROR:exception_snapshot_win.cc(98)] thread ID 2328 not found in process
[1228/043708.650:ERROR:process_reader_win.cc(123)] NtOpenThread: {Отказано в доступе} Процесс запросил доступ к объекту, но права на доступ не предоставлены. (0xc0000022)
[1228/043708.651:ERROR:exception_snapshot_win.cc(98)] thread ID 5284 not found in process
[1228/043810.644:ERROR:process_reader_win.cc(123)] NtOpenThread: {Отказано в доступе} Процесс запросил доступ к объекту, но права на доступ не предоставлены. (0xc0000022)
[1228/043810.645:ERROR:exception_snapshot_win.cc(98)] thread ID 8016 not found in process
[1228/043934.609:ERROR:process_reader_win.cc(123)] NtOpenThread: {Отказано в доступе} Процесс запросил доступ к объекту, но права на доступ не предоставлены. (0xc0000022)
[1228/043934.610:ERROR:exception_snapshot_win.cc(98)] thread ID 5112 not found in process
[1228/050044.577:ERROR:process_reader_win.cc(123)] NtOpenThread: {Отказано в доступе} Процесс запросил доступ к объекту, но права на доступ не предоставлены. (0xc0000022)
[1228/050044.578:ERROR:exception_snapshot_win.cc(98)] thread ID 4424 not found in process
[1228/052929.566:ERROR:process_reader_win.cc(123)] NtOpenThread: {Отказано в доступе} Процесс запросил доступ к объекту, но права на доступ не предоставлены. (0xc0000022)
[1228/052929.567:ERROR:exception_snapshot_win.cc(98)] thread ID 4964 not found in process
[1228/173822.600:ERROR:process_reader_win.cc(123)] NtOpenThread: {Отказано в доступе} Процесс запросил доступ к объекту, но права на доступ не предоставлены. (0xc0000022)
[1228/173823.186:ERROR:exception_snapshot_win.cc(98)] thread ID 8620 not found in process
[1228/173849.511:ERROR:process_reader_win.cc(123)] NtOpenThread: {Отказано в доступе} Процесс запросил доступ к объекту, но права на доступ не предоставлены. (0xc0000022)
[1228/173849.512:ERROR:exception_snapshot_win.cc(98)] thread ID 4140 not found in process
[1228/174112.128:ERROR:process_reader_win.cc(151)] SuspendThread: Отказано в доступе. (0x5)
[1228/174112.129:ERROR:process_reader_win.cc(123)] NtOpenThread: {Отказано в доступе} Процесс запросил доступ к объекту, но права на доступ не предоставлены. (0xc0000022)
[1228/174112.129:ERROR:exception_snapshot_win.cc(98)] thread ID 5076 not found in process
[1228/174134.576:ERROR:process_reader_win.cc(151)] SuspendThread: Отказано в доступе. (0x5)
[1228/174134.577:ERROR:process_reader_win.cc(151)] SuspendThread: Отказано в доступе. (0x5)
[1228/174134.577:ERROR:process_reader_win.cc(151)] SuspendThread: Отказано в доступе. (0x5)
[1228/174134.577:ERROR:process_reader_win.cc(151)] SuspendThread: Отказано в доступе. (0x5)
[1228/174134.577:ERROR:process_reader_win.cc(123)] NtOpenThread: {Отказано в доступе} Процесс запросил доступ к объекту, но права на доступ не предоставлены. (0xc0000022)
[1228/174134.577:ERROR:exception_snapshot_win.cc(98)] thread ID 6360 not found in process
[1228/175031.606:ERROR:process_reader_win.cc(123)] NtOpenThread: {Отказано в доступе} Процесс запросил доступ к объекту, но права на доступ не предоставлены. (0xc0000022)
[1228/175031.608:ERROR:exception_snapshot_win.cc(98)] thread ID 8308 not found in process
[1228/175403.589:ERROR:process_reader_win.cc(151)] SuspendThread: Отказано в доступе. (0x5)
[1228/175403.591:ERROR:process_reader_win.cc(151)] SuspendThread: Отказано в доступе. (0x5)
[1228/175403.591:ERROR:process_reader_win.cc(151)] SuspendThread: Отказано в доступе. (0x5)
[1228/175403.591:ERROR:process_reader_win.cc(123)] NtOpenThread: {Отказано в доступе} Процесс запросил доступ к объекту, но права на доступ не предоставлены. (0xc0000022)
[1228/175403.591:ERROR:exception_snapshot_win.cc(98)] thread ID 3772 not found in process
[1228/175419.555:ERROR:process_reader_win.cc(123)] NtOpenThread: {Отказано в доступе} Процесс запросил доступ к объекту, но права на доступ не предоставлены. (0xc0000022)
[1228/175419.557:ERROR:exception_snapshot_win.cc(98)] thread ID 3900 not found in process
[1228/191529.234:ERROR:process_reader_win.cc(123)] NtOpenThread: {Отказано в доступе} Процесс запросил доступ к объекту, но права на доступ не предоставлены. (0xc0000022)
[1228/191529.328:ERROR:exception_snapshot_win.cc(98)] thread ID 3416 not found in process
[1228/192547.166:ERROR:process_reader_win.cc(123)] NtOpenThread: {Отказано в доступе} Процесс запросил доступ к объекту, но права на доступ не предоставлены. (0xc0000022)
[1228/192547.167:ERROR:exception_snapshot_win.cc(98)] thread ID 3200 not found in process
[1228/200246.083:ERROR:process_reader_win.cc(151)] SuspendThread: Отказано в доступе. (0x5)
[1228/200246.249:ERROR:process_reader_win.cc(151)] SuspendThread: Отказано в доступе. (0x5)
[1228/200246.249:ERROR:process_reader_win.cc(151)] SuspendThread: Отказано в доступе. (0x5)
[1228/200246.249:ERROR:process_reader_win.cc(151)] SuspendThread: Отказано в доступе. (0x5)
[1228/200246.249:ERROR:process_reader_win.cc(123)] NtOpenThread: {Отказано в доступе} Процесс запросил доступ к объекту, но права на доступ не предоставлены. (0xc0000022)
[1228/200246.278:ERROR:exception_snapshot_win.cc(98)] thread ID 3328 not found in process
[1228/201451.373:ERROR:process_reader_win.cc(151)] SuspendThread: Отказано в доступе. (0x5)
[1228/201451.374:ERROR:process_reader_win.cc(151)] SuspendThread: Отказано в доступе. (0x5)
[1228/201451.374:ERROR:process_reader_win.cc(123)] NtOpenThread: {Отказано в доступе} Процесс запросил доступ к объекту, но права на доступ не предоставлены. (0xc0000022)
[1228/201451.375:ERROR:exception_snapshot_win.cc(98)] thread ID 3132 not found in process
[1228/201959.352:ERROR:process_reader_win.cc(123)] NtOpenThread: {Отказано в доступе} Процесс запросил доступ к объекту, но права на доступ не предоставлены. (0xc0000022)
[1228/201959.353:ERROR:exception_snapshot_win.cc(98)] thread ID 4296 not found in process
[1228/202606.604:ERROR:process_reader_win.cc(123)] NtOpenThread: {Отказано в доступе} Процесс запросил доступ к объекту, но права на доступ не предоставлены. (0xc0000022)
[1228/202606.653:ERROR:exception_snapshot_win.cc(98)] thread ID 8916 not found in process
[1228/203151.413:ERROR:process_reader_win.cc(123)] NtOpenThread: {Отказано в доступе} Процесс запросил доступ к объекту, но права на доступ не предоставлены. (0xc0000022)
[1228/203151.414:ERROR:exception_snapshot_win.cc(98)] thread ID 3412 not found in process
[1228/203155.475:ERROR:process_reader_win.cc(123)] NtOpenThread: {Отказано в доступе} Процесс запросил доступ к объекту, но права на доступ не предоставлены. (0xc0000022)
[1228/203155.477:ERROR:exception_snapshot_win.cc(98)] thread ID 5972 not found in process
[1228/204603.835:ERROR:process_reader_win.cc(123)] NtOpenThread: {Отказано в доступе} Процесс запросил доступ к объекту, но права на доступ не предоставлены. (0xc0000022)
[1228/204603.836:ERROR:exception_snapshot_win.cc(98)] thread ID 2392 not found in process
[1228/210357.459:ERROR:process_reader_win.cc(151)] SuspendThread: Отказано в доступе. (0x5)
[1228/210357.700:ERROR:process_reader_win.cc(151)] SuspendThread: Отказано в доступе. (0x5)
[1228/210357.700:ERROR:process_reader_win.cc(123)] NtOpenThread: {Отказано в доступе} Процесс запросил доступ к объекту, но права на доступ не предоставлены. (0xc0000022)
[1228/210357.700:ERROR:exception_snapshot_win.cc(98)] thread ID 360 not found in process
[1228/210908.507:ERROR:process_reader_win.cc(123)] NtOpenThread: {Отказано в доступе} Процесс запросил доступ к объекту, но права на доступ не предоставлены. (0xc0000022)
[1228/210908.508:ERROR:exception_snapshot_win.cc(98)] thread ID 7852 not found in process
[1228/210909.628:ERROR:process_reader_win.cc(123)] NtOpenThread: {Отказано в доступе} Процесс запросил доступ к объекту, но права на доступ не предоставлены. (0xc0000022)
[1228/210909.629:ERROR:exception_snapshot_win.cc(98)] thread ID 7536 not found in process
[1228/213406.551:ERROR:process_reader_win.cc(123)] NtOpenThread: {Отказано в доступе} Процесс запросил доступ к объекту, но права на доступ не предоставлены. (0xc0000022)
[1228/213406.580:ERROR:exception_snapshot_win.cc(98)] thread ID 8240 not found in process
[1228/213835.732:ERROR:process_reader_win.cc(123)] NtOpenThread: {Отказано в доступе} Процесс запросил доступ к объекту, но права на доступ не предоставлены. (0xc0000022)
[1228/213835.733:ERROR:exception_snapshot_win.cc(98)] thread ID 4352 not found in process
[1228/214434.046:ERROR:process_reader_win.cc(151)] SuspendThread: Отказано в доступе. (0x5)
[1228/214434.047:ERROR:process_reader_win.cc(123)] NtOpenThread: {Отказано в доступе} Процесс запросил доступ к объекту, но права на доступ не предоставлены. (0xc0000022)
[1228/214434.048:ERROR:exception_snapshot_win.cc(98)] thread ID 9080 not found in process
[1228/215004.133:ERROR:process_reader_win.cc(123)] NtOpenThread: {Отказано в доступе} Процесс запросил доступ к объекту, но права на доступ не предоставлены. (0xc0000022)
[1228/215004.134:ERROR:exception_snapshot_win.cc(98)] thread ID 7148 not found in process
[1228/215512.986:ERROR:process_reader_win.cc(123)] NtOpenThread: {Отказано в доступе} Процесс запросил доступ к объекту, но права на доступ не предоставлены. (0xc0000022)
[1228/215512.987:ERROR:exception_snapshot_win.cc(98)] thread ID 6172 not found in process
[1228/220347.789:ERROR:process_reader_win.cc(123)] NtOpenThread: {Отказано в доступе} Процесс запросил доступ к объекту, но права на доступ не предоставлены. (0xc0000022)
[1228/220347.817:ERROR:exception_snapshot_win.cc(98)] thread ID 2748 not found in process
[1228/232016.606:ERROR:process_reader_win.cc(123)] NtOpenThread: {Отказано в доступе} Процесс запросил доступ к объекту, но права на доступ не предоставлены. (0xc0000022)
[1228/232016.684:ERROR:exception_snapshot_win.cc(98)] thread ID 5848 not found in process
[1228/232120.845:ERROR:process_reader_win.cc(123)] NtOpenThread: {Отказано в доступе} Процесс запросил доступ к объекту, но права на доступ не предоставлены. (0xc0000022)
[1228/232120.846:ERROR:exception_snapshot_win.cc(98)] thread ID 3976 not found in process
[1228/232336.751:ERROR:process_reader_win.cc(123)] NtOpenThread: {Отказано в доступе} Процесс запросил доступ к объекту, но права на доступ не предоставлены. (0xc0000022)
[1228/232336.752:ERROR:exception_snapshot_win.cc(98)] thread ID 5940 not found in process
[1228/233733.557:ERROR:process_reader_win.cc(123)] NtOpenThread: {Отказано в доступе} Процесс запросил доступ к объекту, но права на доступ не предоставлены. (0xc0000022)
[1228/233733.559:ERROR:exception_snapshot_win.cc(98)] thread ID 8648 not found in process
[1229/000401.002:ERROR:process_reader_win.cc(123)] NtOpenThread: {Отказано в доступе} Процесс запросил доступ к объекту, но права на доступ не предоставлены. (0xc0000022)
[1229/000401.194:ERROR:exception_snapshot_win.cc(98)] thread ID 7580 not found in process
[1229/000735.513:ERROR:process_reader_win.cc(151)] SuspendThread: Отказано в доступе. (0x5)
[1229/000735.514:ERROR:process_reader_win.cc(151)] SuspendThread: Отказано в доступе. (0x5)
[1229/000735.514:ERROR:process_reader_win.cc(151)] SuspendThread: Отказано в доступе. (0x5)
[1229/000735.515:ERROR:process_reader_win.cc(123)] NtOpenThread: {Отказано в доступе} Процесс запросил доступ к объекту, но права на доступ не предоставлены. (0xc0000022)
[1229/000735.515:ERROR:exception_snapshot_win.cc(98)] thread ID 8448 not found in process
[1229/001427.070:ERROR:process_reader_win.cc(123)] NtOpenThread: {Отказано в доступе} Процесс запросил доступ к объекту, но права на доступ не предоставлены. (0xc0000022)
[1229/001427.125:ERROR:exception_snapshot_win.cc(98)] thread ID 1100 not found in process
[1229/002031.855:ERROR:process_reader_win.cc(123)] NtOpenThread: {Отказано в доступе} Процесс запросил доступ к объекту, но права на доступ не предоставлены. (0xc0000022)
[1229/002031.856:ERROR:exception_snapshot_win.cc(98)] thread ID 5128 not found in process
[1229/002258.110:ERROR:process_reader_win.cc(123)] NtOpenThread: {Отказано в доступе} Процесс запросил доступ к объекту, но права на доступ не предоставлены. (0xc0000022)
[1229/002258.111:ERROR:exception_snapshot_win.cc(98)] thread ID 2760 not found in process
[1229/003410.240:ERROR:process_reader_win.cc(151)] SuspendThread: Отказано в доступе. (0x5)
[1229/003410.241:ERROR:process_reader_win.cc(123)] NtOpenThread: {Отказано в доступе} Процесс запросил доступ к объекту, но права на доступ не предоставлены. (0xc0000022)
[1229/003410.241:ERROR:exception_snapshot_win.cc(98)] thread ID 7848 not found in process
[1229/003658.851:ERROR:process_reader_win.cc(123)] NtOpenThread: {Отказано в доступе} Процесс запросил доступ к объекту, но права на доступ не предоставлены. (0xc0000022)
[1229/003658.852:ERROR:exception_snapshot_win.cc(98)] thread ID 1268 not found in process
[1229/010818.220:ERROR:process_reader_win.cc(123)] NtOpenThread: {Отказано в доступе} Процесс запросил доступ к объекту, но права на доступ не предоставлены. (0xc0000022)
[1229/010818.265:ERROR:exception_snapshot_win.cc(98)] thread ID 3548 not found in process
[1229/011412.049:ERROR:process_reader_win.cc(123)] NtOpenThread: {Отказано в доступе} Процесс запросил доступ к объекту, но права на доступ не предоставлены. (0xc0000022)
[1229/011412.148:ERROR:exception_snapshot_win.cc(98)] thread ID 5784 not found in process
[1229/012336.359:ERROR:process_reader_win.cc(123)] NtOpenThread: {Отказано в доступе} Процесс запросил доступ к объекту, но права на доступ не предоставлены. (0xc0000022)
[1229/012336.361:ERROR:exception_snapshot_win.cc(98)] thread ID 5552 not found in process
[1229/012810.715:ERROR:process_reader_win.cc(151)] SuspendThread: Отказано в доступе. (0x5)
[1229/012810.861:ERROR:process_reader_win.cc(123)] NtOpenThread: {Отказано в доступе} Процесс запросил доступ к объекту, но права на доступ не предоставлены. (0xc0000022)
[1229/012811.010:ERROR:exception_snapshot_win.cc(98)] thread ID 10040 not found in process
[1229/013056.047:ERROR:process_reader_win.cc(123)] NtOpenThread: {Отказано в доступе} Процесс запросил доступ к объекту, но права на доступ не предоставлены. (0xc0000022)
[1229/013056.075:ERROR:exception_snapshot_win.cc(98)] thread ID 2600 not found in process
[1229/032222.596:ERROR:process_reader_win.cc(151)] SuspendThread: Отказано в доступе. (0x5)
[1229/032222.628:ERROR:process_reader_win.cc(123)] NtOpenThread: {Отказано в доступе} Процесс запросил доступ к объекту, но права на доступ не предоставлены. (0xc0000022)
[1229/032222.629:ERROR:exception_snapshot_win.cc(98)] thread ID 2960 not found in process
[1229/032222.813:ERROR:process_reader_win.cc(123)] NtOpenThread: {Отказано в доступе} Процесс запросил доступ к объекту, но права на доступ не предоставлены. (0xc0000022)
[1229/032222.814:ERROR:exception_snapshot_win.cc(98)] thread ID 4584 not found in process
[0101/174713.783:ERROR:process_reader_win.cc(123)] NtOpenThread: {Отказано в доступе} Процесс запросил доступ к объекту, но права на доступ не предоставлены. (0xc0000022)
[0101/174713.903:ERROR:exception_snapshot_win.cc(98)] thread ID 2528 not found in process
[0101/175011.363:ERROR:process_reader_win.cc(123)] NtOpenThread: {Отказано в доступе} Процесс запросил доступ к объекту, но права на доступ не предоставлены. (0xc0000022)
[0101/175011.424:ERROR:exception_snapshot_win.cc(98)] thread ID 7228 not found in process
[0101/175447.410:ERROR:process_reader_win.cc(151)] SuspendThread: Отказано в доступе. (0x5)
[0101/175447.411:ERROR:process_reader_win.cc(123)] NtOpenThread: {Отказано в доступе} Процесс запросил доступ к объекту, но права на доступ не предоставлены. (0xc0000022)
[0101/175447.411:ERROR:exception_snapshot_win.cc(98)] thread ID 5540 not found in process
[0101/175956.276:ERROR:process_reader_win.cc(151)] SuspendThread: Отказано в доступе. (0x5)
[0101/175956.281:ERROR:process_reader_win.cc(123)] NtOpenThread: {Отказано в доступе} Процесс запросил доступ к объекту, но права на доступ не предоставлены. (0xc0000022)
[0101/175956.281:ERROR:exception_snapshot_win.cc(98)] thread ID 1164 not found in process
[0101/180730.396:ERROR:process_reader_win.cc(151)] SuspendThread: Отказано в доступе. (0x5)
[0101/180730.398:ERROR:process_reader_win.cc(151)] SuspendThread: Отказано в доступе. (0x5)
[0101/180730.398:ERROR:process_reader_win.cc(151)] SuspendThread: Отказано в доступе. (0x5)
[0101/180730.398:ERROR:process_reader_win.cc(123)] NtOpenThread: {Отказано в доступе} Процесс запросил доступ к объекту, но права на доступ не предоставлены. (0xc0000022)
[0101/180730.398:ERROR:exception_snapshot_win.cc(98)] thread ID 8752 not found in process
[0101/180730.523:ERROR:process_reader_win.cc(151)] SuspendThread: Отказано в доступе. (0x5)
[0101/180730.525:ERROR:process_reader_win.cc(123)] NtOpenThread: {Отказано в доступе} Процесс запросил доступ к объекту, но права на доступ не предоставлены. (0xc0000022)
[0101/180730.525:ERROR:exception_snapshot_win.cc(98)] thread ID 8552 not found in process
[0101/180730.641:ERROR:process_reader_win.cc(151)] SuspendThread: Отказано в доступе. (0x5)
[0101/180730.643:ERROR:process_reader_win.cc(151)] SuspendThread: Отказано в доступе. (0x5)
[0101/180730.643:ERROR:process_reader_win.cc(151)] SuspendThread: Отказано в доступе. (0x5)
[0101/180730.643:ERROR:process_reader_win.cc(151)] SuspendThread: Отказано в доступе. (0x5)
[0101/180730.643:ERROR:process_reader_win.cc(123)] NtOpenThread: {Отказано в доступе} Процесс запросил доступ к объекту, но права на доступ не предоставлены. (0xc0000022)
[0101/180730.643:ERROR:exception_snapshot_win.cc(98)] thread ID 4100 not found in process
[0101/181007.869:ERROR:process_reader_win.cc(123)] NtOpenThread: {Отказано в доступе} Процесс запросил доступ к объекту, но права на доступ не предоставлены. (0xc0000022)
[0101/181007.872:ERROR:exception_snapshot_win.cc(98)] thread ID 3412 not found in process
[0101/181331.597:ERROR:process_reader_win.cc(123)] NtOpenThread: {Отказано в доступе} Процесс запросил доступ к объекту, но права на доступ не предоставлены. (0xc0000022)
[0101/181331.599:ERROR:exception_snapshot_win.cc(98)] thread ID 8468 not found in process
[0101/181337.647:ERROR:process_reader_win.cc(151)] SuspendThread: Отказано в доступе. (0x5)
[0101/181337.648:ERROR:process_reader_win.cc(151)] SuspendThread: Отказано в доступе. (0x5)
[0101/181337.648:ERROR:process_reader_win.cc(151)] SuspendThread: Отказано в доступе. (0x5)
[0101/181337.648:ERROR:process_reader_win.cc(151)] SuspendThread: Отказано в доступе. (0x5)
[0101/181337.648:ERROR:process_reader_win.cc(123)] NtOpenThread: {Отказано в доступе} Процесс запросил доступ к объекту, но права на доступ не предоставлены. (0xc0000022)
[0101/181337.648:ERROR:exception_snapshot_win.cc(98)] thread ID 9104 not found in process
[0101/181337.774:ERROR:process_reader_win.cc(151)] SuspendThread: Отказано в доступе. (0x5)
[0101/181337.775:ERROR:process_reader_win.cc(123)] NtOpenThread: {Отказано в доступе} Процесс запросил доступ к объекту, но права на доступ не предоставлены. (0xc0000022)
[0101/181337.775:ERROR:exception_snapshot_win.cc(98)] thread ID 4340 not found in process
[0101/181540.313:ERROR:process_reader_win.cc(151)] SuspendThread: Отказано в доступе. (0x5)
[0101/181540.315:ERROR:process_reader_win.cc(123)] NtOpenThread: {Отказано в доступе} Процесс запросил доступ к объекту, но права на доступ не предоставлены. (0xc0000022)
[0101/181540.315:ERROR:exception_snapshot_win.cc(98)] thread ID 7624 not found in process
[0101/181933.174:ERROR:process_reader_win.cc(151)] SuspendThread: Отказано в доступе. (0x5)
[0101/181933.176:ERROR:process_reader_win.cc(123)] NtOpenThread: {Отказано в доступе} Процесс запросил доступ к объекту, но права на доступ не предоставлены. (0xc0000022)
[0101/181933.176:ERROR:exception_snapshot_win.cc(98)] thread ID 8412 not found in process
[0101/181933.326:ERROR:process_reader_win.cc(151)] SuspendThread: Отказано в доступе. (0x5)
[0101/181933.327:ERROR:process_reader_win.cc(151)] SuspendThread: Отказано в доступе. (0x5)
[0101/181933.327:ERROR:process_reader_win.cc(123)] NtOpenThread: {Отказано в доступе} Процесс запросил доступ к объекту, но права на доступ не предоставлены. (0xc0000022)
[0101/181933.328:ERROR:exception_snapshot_win.cc(98)] thread ID 7796 not found in process
[0101/181933.529:ERROR:process_reader_win.cc(151)] SuspendThread: Отказано в доступе. (0x5)
[0101/181933.530:ERROR:process_reader_win.cc(123)] NtOpenThread: {Отказано в доступе} Процесс запросил доступ к объекту, но права на доступ не предоставлены. (0xc0000022)
[0101/181933.530:ERROR:exception_snapshot_win.cc(98)] thread ID 5684 not found in process
[0101/182141.736:ERROR:process_reader_win.cc(123)] NtOpenThread: {Отказано в доступе} Процесс запросил доступ к объекту, но права на доступ не предоставлены. (0xc0000022)
[0101/182141.738:ERROR:exception_snapshot_win.cc(98)] thread ID 3996 not found in process
[0101/183500.276:ERROR:process_reader_win.cc(123)] NtOpenThread: {Отказано в доступе} Процесс запросил доступ к объекту, но права на доступ не предоставлены. (0xc0000022)
[0101/183500.277:ERROR:exception_snapshot_win.cc(98)] thread ID 9160 not found in process
[0101/183501.961:ERROR:process_reader_win.cc(123)] NtOpenThread: {Отказано в доступе} Процесс запросил доступ к объекту, но права на доступ не предоставлены. (0xc0000022)
[0101/183501.962:ERROR:exception_snapshot_win.cc(98)] thread ID 8340 not found in process
[0101/183550.789:ERROR:process_reader_win.cc(151)] SuspendThread: Отказано в доступе. (0x5)
[0101/183550.790:ERROR:process_reader_win.cc(151)] SuspendThread: Отказано в доступе. (0x5)
[0101/183550.790:ERROR:process_reader_win.cc(151)] SuspendThread: Отказано в доступе. (0x5)
[0101/183550.790:ERROR:process_reader_win.cc(123)] NtOpenThread: {Отказано в доступе} Процесс запросил доступ к объекту, но права на доступ не предоставлены. (0xc0000022)
[0101/183550.791:ERROR:exception_snapshot_win.cc(98)] thread ID 2548 not found in process
[0101/183550.919:ERROR:process_reader_win.cc(151)] SuspendThread: Отказано в доступе. (0x5)
[0101/183550.920:ERROR:process_reader_win.cc(151)] SuspendThread: Отказано в доступе. (0x5)
[0101/183550.920:ERROR:process_reader_win.cc(151)] SuspendThread: Отказано в доступе. (0x5)
[0101/183550.920:ERROR:process_reader_win.cc(123)] NtOpenThread: {Отказано в доступе} Процесс запросил доступ к объекту, но права на доступ не предоставлены. (0xc0000022)
[0101/183550.920:ERROR:exception_snapshot_win.cc(98)] thread ID 9196 not found in process
[0101/183551.024:ERROR:process_reader_win.cc(151)] SuspendThread: Отказано в доступе. (0x5)
[0101/183551.025:ERROR:process_reader_win.cc(151)] SuspendThread: Отказано в доступе. (0x5)
[0101/183551.025:ERROR:process_reader_win.cc(151)] SuspendThread: Отказано в доступе. (0x5)
[0101/183551.026:ERROR:process_reader_win.cc(151)] SuspendThread: Отказано в доступе. (0x5)
[0101/183551.026:ERROR:process_reader_win.cc(151)] SuspendThread: Отказано в доступе. (0x5)
[0101/183551.026:ERROR:process_reader_win.cc(151)] SuspendThread: Отказано в доступе. (0x5)
[0101/183551.026:ERROR:process_reader_win.cc(123)] NtOpenThread: {Отказано в доступе} Процесс запросил доступ к объекту, но права на доступ не предоставлены. (0xc0000022)
[0101/183551.026:ERROR:exception_snapshot_win.cc(98)] thread ID 7524 not found in process
[0101/183817.627:ERROR:process_reader_win.cc(123)] NtOpenThread: {Отказано в доступе} Процесс запросил доступ к объекту, но права на доступ не предоставлены. (0xc0000022)
[0101/183817.628:ERROR:exception_snapshot_win.cc(98)] thread ID 5096 not found in process
[0101/183817.821:ERROR:process_reader_win.cc(123)] NtOpenThread: {Отказано в доступе} Процесс запросил доступ к объекту, но права на доступ не предоставлены. (0xc0000022)
[0101/183817.822:ERROR:exception_snapshot_win.cc(98)] thread ID 8136 not found in process
[0101/185213.610:ERROR:process_reader_win.cc(123)] NtOpenThread: {Отказано в доступе} Процесс запросил доступ к объекту, но права на доступ не предоставлены. (0xc0000022)
[0101/185213.676:ERROR:exception_snapshot_win.cc(98)] thread ID 4088 not found in process
[0101/192105.260:ERROR:process_info.cc(329)] VirtualQueryEx: Отказано в доступе. (0x5)
[0101/192105.312:ERROR:process_info.cc(556)] ReadMemoryInfo failed
[0101/192105.312:ERROR:process_memory_win.cc(39)] Failed to initialize ProcessInfo.
[0101/192105.312:ERROR:scoped_process_suspend.cc(40)] NtResumeProcess: Попытка доступа к процессу, выполняющему процедуру завершения. (0xc000010a)
[0101/192105.813:ERROR:process_reader_win.cc(151)] SuspendThread: Отказано в доступе. (0x5)
[0101/192105.814:ERROR:process_reader_win.cc(123)] NtOpenThread: {Отказано в доступе} Процесс запросил доступ к объекту, но права на доступ не предоставлены. (0xc0000022)
[0101/192105.814:ERROR:exception_snapshot_win.cc(98)] thread ID 9240 not found in process
[0101/192106.723:ERROR:process_reader_win.cc(123)] NtOpenThread: {Отказано в доступе} Процесс запросил доступ к объекту, но права на доступ не предоставлены. (0xc0000022)
[0101/192106.725:ERROR:exception_snapshot_win.cc(98)] thread ID 9232 not found in process
[0101/192331.069:ERROR:process_reader_win.cc(123)] NtOpenThread: {Отказано в доступе} Процесс запросил доступ к объекту, но права на доступ не предоставлены. (0xc0000022)
[0101/192331.081:ERROR:exception_snapshot_win.cc(98)] thread ID 7756 not found in process
[0101/192331.304:ERROR:process_reader_win.cc(151)] SuspendThread: Отказано в доступе. (0x5)
[0101/192331.305:ERROR:process_reader_win.cc(151)] SuspendThread: Отказано в доступе. (0x5)
[0101/192331.305:ERROR:process_reader_win.cc(123)] NtOpenThread: {Отказано в доступе} Процесс запросил доступ к объекту, но права на доступ не предоставлены. (0xc0000022)
[0101/192331.306:ERROR:exception_snapshot_win.cc(98)] thread ID 2428 not found in process
[0101/193515.716:ERROR:process_reader_win.cc(123)] NtOpenThread: {Отказано в доступе} Процесс запросил доступ к объекту, но права на доступ не предоставлены. (0xc0000022)
[0101/193515.718:ERROR:exception_snapshot_win.cc(98)] thread ID 2464 not found in process
[0101/194133.415:ERROR:process_reader_win.cc(123)] NtOpenThread: {Отказано в доступе} Процесс запросил доступ к объекту, но права на доступ не предоставлены. (0xc0000022)
[0101/194133.487:ERROR:exception_snapshot_win.cc(98)] thread ID 5160 not found in process
[0101/194259.669:ERROR:process_reader_win.cc(123)] NtOpenThread: {Отказано в доступе} Процесс запросил доступ к объекту, но права на доступ не предоставлены. (0xc0000022)
[0101/194259.671:ERROR:exception_snapshot_win.cc(98)] thread ID 9624 not found in process
[0101/194259.867:ERROR:process_reader_win.cc(151)] SuspendThread: Отказано в доступе. (0x5)
[0101/194259.868:ERROR:process_reader_win.cc(123)] NtOpenThread: {Отказано в доступе} Процесс запросил доступ к объекту, но права на доступ не предоставлены. (0xc0000022)
[0101/194259.869:ERROR:exception_snapshot_win.cc(98)] thread ID 6368 not found in process
[0101/194300.884:ERROR:process_reader_win.cc(151)] SuspendThread: Отказано в доступе. (0x5)
[0101/194300.886:ERROR:process_reader_win.cc(123)] NtOpenThread: {Отказано в доступе} Процесс запросил доступ к объекту, но права на доступ не предоставлены. (0xc0000022)
[0101/194300.886:ERROR:exception_snapshot_win.cc(98)] thread ID 10156 not found in process
[0101/194632.590:ERROR:process_reader_win.cc(123)] NtOpenThread: {Отказано в доступе} Процесс запросил доступ к объекту, но права на доступ не предоставлены. (0xc0000022)
[0101/194632.592:ERROR:exception_snapshot_win.cc(98)] thread ID 10672 not found in process
[0101/194839.917:ERROR:process_reader_win.cc(151)] SuspendThread: Отказано в доступе. (0x5)
[0101/194839.918:ERROR:process_reader_win.cc(123)] NtOpenThread: {Отказано в доступе} Процесс запросил доступ к объекту, но права на доступ не предоставлены. (0xc0000022)
[0101/194839.918:ERROR:exception_snapshot_win.cc(98)] thread ID 8984 not found in process
[0101/194840.106:ERROR:process_reader_win.cc(123)] NtOpenThread: {Отказано в доступе} Процесс запросил доступ к объекту, но права на доступ не предоставлены. (0xc0000022)
[0101/194840.107:ERROR:exception_snapshot_win.cc(98)] thread ID 9692 not found in process
[0101/194840.299:ERROR:process_reader_win.cc(123)] NtOpenThread: {Отказано в доступе} Процесс запросил доступ к объекту, но права на доступ не предоставлены. (0xc0000022)
[0101/194840.301:ERROR:exception_snapshot_win.cc(98)] thread ID 104 not found in process
[0101/195045.551:ERROR:process_reader_win.cc(151)] SuspendThread: Отказано в доступе. (0x5)
[0101/195045.556:ERROR:process_reader_win.cc(123)] NtOpenThread: {Отказано в доступе} Процесс запросил доступ к объекту, но права на доступ не предоставлены. (0xc0000022)
[0101/195045.556:ERROR:exception_snapshot_win.cc(98)] thread ID 4280 not found in process
